<?xml version="1.0" encoding="UTF-8"?>
<!-- Generated by org.testng.reporters.JUnitReportReporter -->
<testsuite hostname="Shubham" failures="0" tests="1" name="com.hrms.testscripts.Test_1" time="7.870" errors="0" timestamp="2022-10-01T08:05:45 IST" skipped="0">
  <testcase classname="com.hrms.testscripts.Test_1" name="abc" time="7.870"/>
  <system-out>
    <![CDATA[Logged out]]>
  </system-out>
</testsuite> <!-- com.hrms.testscripts.Test_1 -->
