<?xml version="1.0" encoding="UTF-8"?>
<!-- Generated by org.testng.reporters.JUnitReportReporter -->
<testsuite hostname="Shubham" failures="0" tests="2" name="TestNgExamples.Exp_Testing" time="16.797" errors="0" timestamp="2022-09-30T15:51:31 IST" skipped="0">
  <testcase classname="TestNgExamples.Exp_Testing" name="add" time="11.385"/>
  <system-out>
    <![CDATA[employee aded]]>
  </system-out>
  <testcase classname="TestNgExamples.Exp_Testing" name="login_Logout" time="5.412"/>
  <system-out/>
</testsuite> <!-- TestNgExamples.Exp_Testing -->
