<?xml version="1.0" encoding="UTF-8"?>
<!-- Generated by org.testng.reporters.JUnitReportReporter -->
<testsuite hostname="Shubham" failures="0" tests="1" name="TestNgExamples.Excel_Test" time="0.176" errors="0" timestamp="2022-09-30T16:33:20 IST" skipped="0">
  <testcase classname="TestNgExamples.Excel_Test" name="Ex" time="0.176"/>
  <system-out>
    <![CDATA[nareshit
nareshit]]>
  </system-out>
</testsuite> <!-- TestNgExamples.Excel_Test -->
